<?xml version="1.0" encoding="UTF-8"?>
<testng-results ignored="0" total="1" passed="1" failed="0" skipped="0">
  <reporter-output>
    <line>
      <![CDATA[Navigating to URL: http://automationpractice.com/index.php]]>
    </line>
    <line>
      <![CDATA[Navigating from the Home page to the Dresses page]]>
    </line>
    <line>
      <![CDATA[Finding the highest price dress]]>
    </line>
    <line>
      <![CDATA[Highest price dress found; Name = Printed Dress, Price = 50.99]]>
    </line>
    <line>
      <![CDATA[Selecting the highest price dress]]>
    </line>
    <line>
      <![CDATA[Recording all product info into a data validation object, for validation later on]]>
    </line>
    <line>
      <![CDATA[Adding the Printed Dress product to the cart]]>
    </line>
    <line>
      <![CDATA[Clicking the Proceed to checkout button from the popup that appears after adding a product to the cart]]>
    </line>
    <line>
      <![CDATA[Checking that the Printed Dress product with SKU demo_4 is in the cart]]>
    </line>
    <line>
      <![CDATA[Success: The Printed Dress product with SKU demo_4 is in the cart]]>
    </line>
    <line>
      <![CDATA[addHighestPriceDressTestToCart test completed successfully]]>
    </line>
  </reporter-output>
  <suite started-at="2022-05-13T12:13:58 BST" name="Default Suite" finished-at="2022-05-13T12:14:31 BST" duration-ms="32636">
    <groups>
    </groups>
    <test started-at="2022-05-13T12:13:58 BST" name="SeleniumAutomationFramework" finished-at="2022-05-13T12:14:31 BST" duration-ms="32636">
      <class name="testscript.AddHighestPriceDressToCartTest">
        <test-method signature="addHighestPriceDressToCartTest()[pri:0, instance:testscript.AddHighestPriceDressToCartTest@448ff1a8]" started-at="2022-05-13T12:13:58 BST" name="addHighestPriceDressToCartTest" finished-at="2022-05-13T12:14:31 BST" duration-ms="32618" status="PASS">
          <reporter-output>
            <line>
              <![CDATA[Navigating to URL: http://automationpractice.com/index.php]]>
            </line>
            <line>
              <![CDATA[Navigating from the Home page to the Dresses page]]>
            </line>
            <line>
              <![CDATA[Finding the highest price dress]]>
            </line>
            <line>
              <![CDATA[Highest price dress found; Name = Printed Dress, Price = 50.99]]>
            </line>
            <line>
              <![CDATA[Selecting the highest price dress]]>
            </line>
            <line>
              <![CDATA[Recording all product info into a data validation object, for validation later on]]>
            </line>
            <line>
              <![CDATA[Adding the Printed Dress product to the cart]]>
            </line>
            <line>
              <![CDATA[Clicking the Proceed to checkout button from the popup that appears after adding a product to the cart]]>
            </line>
            <line>
              <![CDATA[Checking that the Printed Dress product with SKU demo_4 is in the cart]]>
            </line>
            <line>
              <![CDATA[Success: The Printed Dress product with SKU demo_4 is in the cart]]>
            </line>
            <line>
              <![CDATA[addHighestPriceDressTestToCart test completed successfully]]>
            </line>
          </reporter-output>
        </test-method> <!-- addHighestPriceDressToCartTest -->
      </class> <!-- testscript.AddHighestPriceDressToCartTest -->
    </test> <!-- SeleniumAutomationFramework -->
  </suite> <!-- Default Suite -->
</testng-results>
