<?xml version="1.0" encoding="UTF-8"?>
<testng-results ignored="0" total="1" passed="1" failed="0" skipped="0">
  <reporter-output>
    <line>
      <![CDATA[Navigating to URL: http://automationpractice.com/index.php]]>
    </line>
    <line>
      <![CDATA[Navigating from the Home page to the Dresses page]]>
    </line>
    <line>
      <![CDATA[Finding the highest price dress]]>
    </line>
    <line>
      <![CDATA[Highest price dress found; Name = Printed Dress, Price = 50.99]]>
    </line>
    <line>
      <![CDATA[Selecting the highest price dress]]>
    </line>
    <line>
      <![CDATA[Recording all product info into a data validation object, for validation later on]]>
    </line>
    <line>
      <![CDATA[Adding the Printed Dress product to the cart]]>
    </line>
    <line>
      <![CDATA[Clicking the Proceed to checkout button from the popup that appears after adding a product to the cart]]>
    </line>
    <line>
      <![CDATA[Checking that the Printed Dress product with SKU demo_4 is in the cart]]>
    </line>
    <line>
      <![CDATA[Success: The Printed Dress product with SKU demo_4 is in the cart]]>
    </line>
    <line>
      <![CDATA[addHighestPriceDressTestToCart test completed successfully]]>
    </line>
  </reporter-output>
  <suite started-at="2022-05-12T16:24:39 BST" name="Default Suite" finished-at="2022-05-12T16:25:18 BST" duration-ms="38140">
    <groups>
    </groups>
    <test started-at="2022-05-12T16:24:39 BST" name="SeleniumAutomationFramework" finished-at="2022-05-12T16:25:18 BST" duration-ms="38140">
      <class name="testscript.AddHighestPriceDressTestToCart">
        <test-method signature="addHighestPriceDressTestToCart()[pri:0, instance:testscript.AddHighestPriceDressTestToCart@64d2d351]" started-at="2022-05-12T16:24:39 BST" name="addHighestPriceDressTestToCart" finished-at="2022-05-12T16:25:18 BST" duration-ms="38123" status="PASS">
          <reporter-output>
            <line>
              <![CDATA[Navigating to URL: http://automationpractice.com/index.php]]>
            </line>
            <line>
              <![CDATA[Navigating from the Home page to the Dresses page]]>
            </line>
            <line>
              <![CDATA[Finding the highest price dress]]>
            </line>
            <line>
              <![CDATA[Highest price dress found; Name = Printed Dress, Price = 50.99]]>
            </line>
            <line>
              <![CDATA[Selecting the highest price dress]]>
            </line>
            <line>
              <![CDATA[Recording all product info into a data validation object, for validation later on]]>
            </line>
            <line>
              <![CDATA[Adding the Printed Dress product to the cart]]>
            </line>
            <line>
              <![CDATA[Clicking the Proceed to checkout button from the popup that appears after adding a product to the cart]]>
            </line>
            <line>
              <![CDATA[Checking that the Printed Dress product with SKU demo_4 is in the cart]]>
            </line>
            <line>
              <![CDATA[Success: The Printed Dress product with SKU demo_4 is in the cart]]>
            </line>
            <line>
              <![CDATA[addHighestPriceDressTestToCart test completed successfully]]>
            </line>
          </reporter-output>
        </test-method> <!-- addHighestPriceDressTestToCart -->
      </class> <!-- testscript.AddHighestPriceDressTestToCart -->
    </test> <!-- SeleniumAutomationFramework -->
  </suite> <!-- Default Suite -->
</testng-results>
